<testsuite tests="144">
  <testcase classname="FinalizerHandler_Test" name="bypassFinalizerShouldSucceed" time="29" />
  <testcase classname="FinalizerHandler_Test" name="bypassedFinalizerShouldNotExecute" time="23" />
  <testcase classname="FinalizerHandler_Test" name="clearAllFinalizerBypassesShouldSucceed" time="16" />
  <testcase classname="FinalizerHandler_Test" name="clearFinalizerBypassShouldSucceed" time="14" />
  <testcase classname="FinalizerHandler_Test" name="finalizerIsBypassedShouldSucceed" time="16" />
  <testcase classname="FinalizerHandler_Test" name="finalizerThatInvokesDmlShouldCauseException" time="21" />
  <testcase classname="FinalizerHandler_Test" name="finalizersShouldExecuteInOrder" time="17" />
  <testcase classname="FinalizerHandler_Test" name="invalidFinalizerClassShouldThrowException" time="19" />
  <testcase classname="FinalizerHandler_Test" name="noConfiguredFinalizerShouldTakeNoAction" time="19" />
  <testcase classname="FinalizerHandler_Test" name="properlyConfiguredFinalizerShouldExecute" time="27" />
  <testcase classname="FinalizerHandler_Test" name="referencedClassDoesNotImplementDmlFinalizerShouldThrowException" time="23" />
  <testcase classname="FinalizerHandler_Test" name="staticallyBypassedFinalizerShouldNotExecute" time="15" />
  <testcase classname="FinalizerHandler_Test" name="userWithBypassPermissionDefinedOnFinalizerShouldNotExecute" time="17" />
  <testcase classname="FinalizerHandler_Test" name="userWithoutRequiredPermissionDefinedOnFinalizerShouldNotExecute" time="15" />
  <testcase classname="FlowChangeEventHeader_Test" name="shouldBeAbleToCompare" time="15" />
  <testcase classname="FlowChangeEventHeader_Test" name="shouldBeAbleToConstruct" time="22" />
  <testcase classname="FlowChangeEventHeader_Test" name="shouldBeAbleToGenerateHashCode" time="17" />
  <testcase classname="FormulaFilter_Test" name="emptyClassShouldThrowException" time="24" />
  <testcase classname="FormulaFilter_Test" name="emptyStringFormulaShouldProcessAllRecords" time="23" />
  <testcase classname="FormulaFilter_Test" name="invalidFormulaSyntaxShouldThrowException" time="63" />
  <testcase classname="FormulaFilter_Test" name="noFormulaShouldProcessAllRecords" time="15" />
  <testcase classname="FormulaFilter_Test" name="nonExistentClassShouldThrowException" time="18" />
  <testcase classname="FormulaFilter_Test" name="nonGlobalShouldThrowException" time="19" />
  <testcase classname="FormulaFilter_Test" name="nonTriggerRecordClassShouldThrowException" time="28" />
  <testcase classname="FormulaFilter_Test" name="nullClassShouldThrowException" time="21" />
  <testcase classname="FormulaFilter_Test" name="validFormulaShouldFilterContentsOftriggerNew" time="18" />
  <testcase classname="FormulaFilter_Test" name="validFormulaWithNoMatchingRecordsShouldProcessNoRecords" time="17" />
  <testcase classname="MetadataTriggerHandler_Test" name="actionMetadataShouldConstruct" time="171" />
  <testcase classname="MetadataTriggerHandler_Test" name="actionShouldExecuteIfNoRequiredOrBypassPermissionsAreDefinedForSObjectOrAction" time="43" />
  <testcase classname="MetadataTriggerHandler_Test" name="actionShouldExecuteIfUserDoesNotHaveBypassPermissionForSObjectOrAction" time="24" />
  <testcase classname="MetadataTriggerHandler_Test" name="actionShouldNotExecuteIfUserDoesNotHaveRequiredPermissionForAction" time="18" />
  <testcase classname="MetadataTriggerHandler_Test" name="actionShouldNotExecuteIfUserDoesNotHaveRequiredPermissionForSObject" time="16" />
  <testcase classname="MetadataTriggerHandler_Test" name="actionShouldNotExecuteIfUserHasBypassPermissionForAction" time="17" />
  <testcase classname="MetadataTriggerHandler_Test" name="actionShouldNotExecuteIfUserHasBypassPermissionForSObject" time="29" />
  <testcase classname="MetadataTriggerHandler_Test" name="afterDeleteShouldFailWithIncorrectClass" time="22" />
  <testcase classname="MetadataTriggerHandler_Test" name="afterDeleteShouldFailWithIncorrectType" time="20" />
  <testcase classname="MetadataTriggerHandler_Test" name="afterDeleteShouldSucceed" time="48" />
  <testcase classname="MetadataTriggerHandler_Test" name="afterInsertShouldFailWithIncorrectClass" time="19" />
  <testcase classname="MetadataTriggerHandler_Test" name="afterInsertShouldFailWithIncorrectType" time="23" />
  <testcase classname="MetadataTriggerHandler_Test" name="afterInsertShouldSucceed" time="17" />
  <testcase classname="MetadataTriggerHandler_Test" name="afterUndeleteShouldFailWithIncorrectClass" time="18" />
  <testcase classname="MetadataTriggerHandler_Test" name="afterUndeleteShouldFailWithIncorrectType" time="18" />
  <testcase classname="MetadataTriggerHandler_Test" name="afterUndeleteShouldSucceed" time="21" />
  <testcase classname="MetadataTriggerHandler_Test" name="afterUpdateShouldFailWithIncorrectClass" time="20" />
  <testcase classname="MetadataTriggerHandler_Test" name="afterUpdateShouldFailWithIncorrectType" time="22" />
  <testcase classname="MetadataTriggerHandler_Test" name="afterUpdateShouldSucceed" time="19" />
  <testcase classname="MetadataTriggerHandler_Test" name="beforeDeleteShouldFailWithIncorrectClass" time="16" />
  <testcase classname="MetadataTriggerHandler_Test" name="beforeDeleteShouldFailWithIncorrectType" time="19" />
  <testcase classname="MetadataTriggerHandler_Test" name="beforeDeleteShouldSucceed" time="19" />
  <testcase classname="MetadataTriggerHandler_Test" name="beforeInsertShouldFailWithIncorrectClass" time="20" />
  <testcase classname="MetadataTriggerHandler_Test" name="beforeInsertShouldFailWithIncorrectType" time="16" />
  <testcase classname="MetadataTriggerHandler_Test" name="beforeInsertShouldSucceed" time="16" />
  <testcase classname="MetadataTriggerHandler_Test" name="beforeUpdateShouldFailWithIncorrectClass" time="20" />
  <testcase classname="MetadataTriggerHandler_Test" name="beforeUpdateShouldFailWithIncorrectType" time="20" />
  <testcase classname="MetadataTriggerHandler_Test" name="beforeUpdateShouldSucceed" time="22" />
  <testcase classname="MetadataTriggerHandler_Test" name="bypassShouldSucceed" time="14" />
  <testcase classname="MetadataTriggerHandler_Test" name="clearAllBypassesShouldSucceed" time="15" />
  <testcase classname="MetadataTriggerHandler_Test" name="clearBypassShouldSucceed" time="17" />
  <testcase classname="MetadataTriggerHandler_Test" name="finalizerShouldSucceed" time="31" />
  <testcase classname="MetadataTriggerHandler_Test" name="isBypassedShouldSucceed" time="23" />
  <testcase classname="MetadataTriggerHandler_Test" name="nothingToProcessShouldExitEarly" time="566" />
  <testcase classname="MetadataTriggerHandler_Test" name="theFrameworkShouldSupportFlow" time="25" />
  <testcase classname="MetadataTriggerHandler_Test" name="theFrameworkShouldSupportSObjectsFromManagedPackages" time="42" />
  <testcase classname="TriggerActionFlowAddError_Test" name="addErrorShouldAddAnErrorAtTheFieldSpecified" time="33" />
  <testcase classname="TriggerActionFlowAddError_Test" name="addErrorShouldSucceedWithValidRequest" time="50" />
  <testcase classname="TriggerActionFlowBypass_Test" name="bypassApexShouldSucceedWithValidRequest" time="28" />
  <testcase classname="TriggerActionFlowBypass_Test" name="bypassFlowShouldSucceedWithValidRequest" time="24" />
  <testcase classname="TriggerActionFlowBypass_Test" name="bypassObjectShouldSucceedWithValidRequest" time="37" />
  <testcase classname="TriggerActionFlowBypass_Test" name="bypassShouldFailWithInvalidType" time="21" />
  <testcase classname="TriggerActionFlowChangeEvent_Test" name="correctInputShouldProduceFlowInputs" time="46" />
  <testcase classname="TriggerActionFlowChangeEvent_Test" name="emptyInputShouldProduceEmptyFlowInputs" time="26" />
  <testcase classname="TriggerActionFlowChangeEvent_Test" name="wrongDataTypeShouldThrowException" time="18" />
  <testcase classname="TriggerActionFlowClearAllBypasses_Test" name="clearAllBypassApexShouldSucceedWithValidRequest" time="31" />
  <testcase classname="TriggerActionFlowClearAllBypasses_Test" name="clearAllBypassFlowShouldSucceedWithValidRequest" time="20" />
  <testcase classname="TriggerActionFlowClearAllBypasses_Test" name="clearAllBypassObjectShouldSucceedWithValidRequest" time="15" />
  <testcase classname="TriggerActionFlowClearAllBypasses_Test" name="clearAllBypassShouldFailWithInvalidType" time="16" />
  <testcase classname="TriggerActionFlowClearBypass_Test" name="clearBypassApexShouldSucceedWithValidRequest" time="72" />
  <testcase classname="TriggerActionFlowClearBypass_Test" name="clearBypassFlowShouldSucceedWithValidRequest" time="33" />
  <testcase classname="TriggerActionFlowClearBypass_Test" name="clearBypassObjecthouldSucceedWithValidRequest" time="21" />
  <testcase classname="TriggerActionFlowClearBypass_Test" name="clearBypassShouldFailWithInvalidType" time="20" />
  <testcase classname="TriggerActionFlowIsBypassed_Test" name="isBypassedApexShouldSucceedWithValidRequest" time="68" />
  <testcase classname="TriggerActionFlowIsBypassed_Test" name="isBypassedFlowShouldSucceedWithValidRequest" time="30" />
  <testcase classname="TriggerActionFlowIsBypassed_Test" name="isBypassedObjectShouldSucceedWithValidRequest" time="33" />
  <testcase classname="TriggerActionFlowIsBypassed_Test" name="isBypassedShouldFailWithInvalidType" time="23" />
  <testcase classname="TriggerActionFlow_Test" name="afterDeleteShouldSucceed" time="66" />
  <testcase classname="TriggerActionFlow_Test" name="afterInsertShouldSucceed" time="57" />
  <testcase classname="TriggerActionFlow_Test" name="afterUndeleteShouldSucceed" time="23" />
  <testcase classname="TriggerActionFlow_Test" name="afterUpdateShouldSucceed" time="33" />
  <testcase classname="TriggerActionFlow_Test" name="afterUpdateWithNoRecordsToProcessShouldSucceed" time="22" />
  <testcase classname="TriggerActionFlow_Test" name="beforeDeleteShouldSucceed" time="22" />
  <testcase classname="TriggerActionFlow_Test" name="beforeInsertShouldSucceed" time="21" />
  <testcase classname="TriggerActionFlow_Test" name="beforeUpdateShouldSucceed" time="22" />
  <testcase classname="TriggerActionFlow_Test" name="beforeUpdateWithNoRecordsToProcessShouldSucceed" time="22" />
  <testcase classname="TriggerActionFlow_Test" name="bypassShouldSucceed" time="23" />
  <testcase classname="TriggerActionFlow_Test" name="clearAllBypassesShouldSucceed" time="25" />
  <testcase classname="TriggerActionFlow_Test" name="clearBypassShouldSucceed" time="24" />
  <testcase classname="TriggerActionFlow_Test" name="emptyFlowNameShouldThrowException" time="53" />
  <testcase classname="TriggerActionFlow_Test" name="flowMissingRecordVariableInOutputShouldThrowException" time="25" />
  <testcase classname="TriggerActionFlow_Test" name="invokeFlowShouldReturnUnsuccessfulResponseWithBogusFlowName" time="37" />
  <testcase classname="TriggerActionFlow_Test" name="isBypassedShouldSucceed" time="26" />
  <testcase classname="TriggerActionFlow_Test" name="noRecordMutationsShouldSucceed" time="24" />
  <testcase classname="TriggerActionFlow_Test" name="nulledFieldInFlowShouldBeTransferredBack" time="25" />
  <testcase classname="TriggerActionFlow_Test" name="shouldDoNothingWhenBypassed" time="24" />
  <testcase classname="TriggerActionFlow_Test" name="unsuccessfulActionResultShouldBeAddedAsErrorToRecord" time="37" />
  <testcase classname="TriggerActionFlow_Test" name="validateTypeShouldThrowExceptionWithInvalidInput" time="25" />
  <testcase classname="TriggerBase_Test" name="afterDeleteShouldSucceed" time="71" />
  <testcase classname="TriggerBase_Test" name="afterInsertShouldSucceed" time="82" />
  <testcase classname="TriggerBase_Test" name="afterUndeleteShouldSucceed" time="16" />
  <testcase classname="TriggerBase_Test" name="afterUpdateShouldSucceed" time="17" />
  <testcase classname="TriggerBase_Test" name="beforeDeleteShouldSucceed" time="22" />
  <testcase classname="TriggerBase_Test" name="beforeInsertShouldSucceed" time="17" />
  <testcase classname="TriggerBase_Test" name="beforeUpdateShouldSucceed" time="15" />
  <testcase classname="TriggerBase_Test" name="bypassShouldSucceed" time="17" />
  <testcase classname="TriggerBase_Test" name="clearAllBypassesShouldSucceed" time="18" />
  <testcase classname="TriggerBase_Test" name="clearBypassShouldSucceed" time="16" />
  <testcase classname="TriggerBase_Test" name="finalizingWithoutWaitingShouldThrowError" time="14" />
  <testcase classname="TriggerBase_Test" name="idToNumberOfTimesSeenAfterUpdate" time="17" />
  <testcase classname="TriggerBase_Test" name="idToNumberOfTimesSeenBeforeUpdate" time="18" />
  <testcase classname="TriggerBase_Test" name="inverseContextsShouldFinalizeDmlOperationDelete" time="16" />
  <testcase classname="TriggerBase_Test" name="inverseContextsShouldFinalizeDmlOperationInsert" time="26" />
  <testcase classname="TriggerBase_Test" name="inverseContextsShouldFinalizeDmlOperationUndelete" time="15" />
  <testcase classname="TriggerBase_Test" name="inverseContextsShouldFinalizeDmlOperationUpdate" time="18" />
  <testcase classname="TriggerBase_Test" name="isBypassedShouldSucceed" time="19" />
  <testcase classname="TriggerBase_Test" name="offsetRowsShouldWork" time="15" />
  <testcase classname="TriggerBase_Test" name="oldAndNewShouldComeFromTrigger" time="18" />
  <testcase classname="TriggerBase_Test" name="peekShouldShowMostRecentlyAdded" time="22" />
  <testcase classname="TriggerBase_Test" name="peekingStackWhileEmptyShouldThrowException" time="17" />
  <testcase classname="TriggerBase_Test" name="poppingStackWhileEmptyShouldThrowException" time="15" />
  <testcase classname="TriggerBase_Test" name="runShouldDoNothingWhenBypassed" time="17" />
  <testcase classname="TriggerBase_Test" name="runShouldFailWhenCalledOutsideTrigger" time="14" />
  <testcase classname="TriggerBase_Test" name="sObjectNameShouldBePopulatedFromTriggerNew" time="20" />
  <testcase classname="TriggerBase_Test" name="sObjectNameShouldBePopulatedFromTriggerOld" time="17" />
  <testcase classname="TriggerBase_Test" name="stackDepthShouldBeCalculatedProperly" time="16" />
  <testcase classname="TriggerBase_Test" name="stackShouldBeFirstInLastOut" time="16" />
  <testcase classname="TriggerBase_Test" name="stackShouldBeLastInFirstOut" time="14" />
  <testcase classname="TriggerBase_Test" name="stacksShouldBeAbleToDetermineIftheyAreEmpty" time="17" />
  <testcase classname="TriggerBase_Test" name="waitingThenFinalizingShouldWork" time="25" />
  <testcase classname="TriggerRecord_Test" name="shouldBeAbleToConstructATriggerRecord" time="23" />
  <testcase classname="Triggers_Test" name="testContentDocumentLinkTrigger" time="10368" />
  <testcase classname="Triggers_Test" name="testTransactionTrigger" time="714" />
  <testcase classname="Triggers_Test" name="testTransactionTriggerRecord" time="20" />
  <testcase classname="Util_Test" name="testGetNamespace" time="36" />
  <testcase classname="Util_Test" name="testIsOrgEmailEnabled" time="47" />
  <testcase classname="Util_Test" name="testPrefixNamespace" time="22" />
</testsuite>