<testsuite tests="147">
  <testcase classname="FieldPathManager_Test" name="testIsValid" time="36" />
  <testcase classname="FieldPathManager_Test" name="testNormalize" time="10" />
  <testcase classname="FinalizerHandler_Test" name="bypassFinalizerShouldSucceed" time="22" />
  <testcase classname="FinalizerHandler_Test" name="bypassedFinalizerShouldNotExecute" time="7" />
  <testcase classname="FinalizerHandler_Test" name="clearAllFinalizerBypassesShouldSucceed" time="4" />
  <testcase classname="FinalizerHandler_Test" name="clearFinalizerBypassShouldSucceed" time="5" />
  <testcase classname="FinalizerHandler_Test" name="finalizerIsBypassedShouldSucceed" time="5" />
  <testcase classname="FinalizerHandler_Test" name="finalizerThatInvokesDmlShouldCauseException" time="8" />
  <testcase classname="FinalizerHandler_Test" name="finalizersShouldExecuteInOrder" time="7" />
  <testcase classname="FinalizerHandler_Test" name="invalidFinalizerClassShouldThrowException" time="7" />
  <testcase classname="FinalizerHandler_Test" name="noConfiguredFinalizerShouldTakeNoAction" time="6" />
  <testcase classname="FinalizerHandler_Test" name="properlyConfiguredFinalizerShouldExecute" time="8" />
  <testcase classname="FinalizerHandler_Test" name="referencedClassDoesNotImplementDmlFinalizerShouldThrowException" time="6" />
  <testcase classname="FinalizerHandler_Test" name="staticallyBypassedFinalizerShouldNotExecute" time="6" />
  <testcase classname="FinalizerHandler_Test" name="userWithBypassPermissionDefinedOnFinalizerShouldNotExecute" time="6" />
  <testcase classname="FinalizerHandler_Test" name="userWithoutRequiredPermissionDefinedOnFinalizerShouldNotExecute" time="6" />
  <testcase classname="FlowChangeEventHeader_Test" name="shouldBeAbleToCompare" time="41" />
  <testcase classname="FlowChangeEventHeader_Test" name="shouldBeAbleToConstruct" time="10" />
  <testcase classname="FlowChangeEventHeader_Test" name="shouldBeAbleToGenerateHashCode" time="13" />
  <testcase classname="FormulaFilter_Test" name="emptyClassShouldThrowException" time="43" />
  <testcase classname="FormulaFilter_Test" name="emptyStringFormulaShouldProcessAllRecords" time="6" />
  <testcase classname="FormulaFilter_Test" name="invalidFormulaSyntaxShouldThrowException" time="47" />
  <testcase classname="FormulaFilter_Test" name="noFormulaShouldProcessAllRecords" time="8" />
  <testcase classname="FormulaFilter_Test" name="nonExistentClassShouldThrowException" time="12" />
  <testcase classname="FormulaFilter_Test" name="nonGlobalShouldThrowException" time="12" />
  <testcase classname="FormulaFilter_Test" name="nonTriggerRecordClassShouldThrowException" time="19" />
  <testcase classname="FormulaFilter_Test" name="nullClassShouldThrowException" time="12" />
  <testcase classname="FormulaFilter_Test" name="validFormulaShouldFilterContentsOftriggerNew" time="12" />
  <testcase classname="FormulaFilter_Test" name="validFormulaWithNoMatchingRecordsShouldProcessNoRecords" time="12" />
  <testcase classname="MetadataTriggerHandler_Test" name="actionMetadataShouldConstruct" time="144" />
  <testcase classname="MetadataTriggerHandler_Test" name="actionShouldExecuteIfNoRequiredOrBypassPermissionsAreDefinedForSObjectOrAction" time="22" />
  <testcase classname="MetadataTriggerHandler_Test" name="actionShouldExecuteIfUserDoesNotHaveBypassPermissionForSObjectOrAction" time="24" />
  <testcase classname="MetadataTriggerHandler_Test" name="actionShouldNotExecuteIfUserDoesNotHaveRequiredPermissionForAction" time="20" />
  <testcase classname="MetadataTriggerHandler_Test" name="actionShouldNotExecuteIfUserDoesNotHaveRequiredPermissionForSObject" time="16" />
  <testcase classname="MetadataTriggerHandler_Test" name="actionShouldNotExecuteIfUserHasBypassPermissionForAction" time="14" />
  <testcase classname="MetadataTriggerHandler_Test" name="actionShouldNotExecuteIfUserHasBypassPermissionForSObject" time="21" />
  <testcase classname="MetadataTriggerHandler_Test" name="afterDeleteShouldFailWithIncorrectClass" time="15" />
  <testcase classname="MetadataTriggerHandler_Test" name="afterDeleteShouldFailWithIncorrectType" time="16" />
  <testcase classname="MetadataTriggerHandler_Test" name="afterDeleteShouldSucceed" time="15" />
  <testcase classname="MetadataTriggerHandler_Test" name="afterInsertShouldFailWithIncorrectClass" time="13" />
  <testcase classname="MetadataTriggerHandler_Test" name="afterInsertShouldFailWithIncorrectType" time="15" />
  <testcase classname="MetadataTriggerHandler_Test" name="afterInsertShouldSucceed" time="14" />
  <testcase classname="MetadataTriggerHandler_Test" name="afterUndeleteShouldFailWithIncorrectClass" time="14" />
  <testcase classname="MetadataTriggerHandler_Test" name="afterUndeleteShouldFailWithIncorrectType" time="12" />
  <testcase classname="MetadataTriggerHandler_Test" name="afterUndeleteShouldSucceed" time="81" />
  <testcase classname="MetadataTriggerHandler_Test" name="afterUpdateShouldFailWithIncorrectClass" time="11" />
  <testcase classname="MetadataTriggerHandler_Test" name="afterUpdateShouldFailWithIncorrectType" time="12" />
  <testcase classname="MetadataTriggerHandler_Test" name="afterUpdateShouldSucceed" time="12" />
  <testcase classname="MetadataTriggerHandler_Test" name="beforeDeleteShouldFailWithIncorrectClass" time="11" />
  <testcase classname="MetadataTriggerHandler_Test" name="beforeDeleteShouldFailWithIncorrectType" time="14" />
  <testcase classname="MetadataTriggerHandler_Test" name="beforeDeleteShouldSucceed" time="12" />
  <testcase classname="MetadataTriggerHandler_Test" name="beforeInsertShouldFailWithIncorrectClass" time="11" />
  <testcase classname="MetadataTriggerHandler_Test" name="beforeInsertShouldFailWithIncorrectType" time="12" />
  <testcase classname="MetadataTriggerHandler_Test" name="beforeInsertShouldSucceed" time="12" />
  <testcase classname="MetadataTriggerHandler_Test" name="beforeUpdateShouldFailWithIncorrectClass" time="12" />
  <testcase classname="MetadataTriggerHandler_Test" name="beforeUpdateShouldFailWithIncorrectType" time="13" />
  <testcase classname="MetadataTriggerHandler_Test" name="beforeUpdateShouldSucceed" time="15" />
  <testcase classname="MetadataTriggerHandler_Test" name="bypassShouldSucceed" time="9" />
  <testcase classname="MetadataTriggerHandler_Test" name="clearAllBypassesShouldSucceed" time="8" />
  <testcase classname="MetadataTriggerHandler_Test" name="clearBypassShouldSucceed" time="8" />
  <testcase classname="MetadataTriggerHandler_Test" name="finalizerShouldSucceed" time="10" />
  <testcase classname="MetadataTriggerHandler_Test" name="isBypassedShouldSucceed" time="8" />
  <testcase classname="MetadataTriggerHandler_Test" name="nothingToProcessShouldExitEarly" time="11" />
  <testcase classname="MetadataTriggerHandler_Test" name="theFrameworkShouldSupportFlow" time="13" />
  <testcase classname="MetadataTriggerHandler_Test" name="theFrameworkShouldSupportSObjectsFromManagedPackages" time="24" />
  <testcase classname="TriggerActionFlowAddError_Test" name="addErrorShouldAddAnErrorAtTheFieldSpecified" time="49" />
  <testcase classname="TriggerActionFlowAddError_Test" name="addErrorShouldSucceedWithValidRequest" time="9" />
  <testcase classname="TriggerActionFlowBypass_Test" name="bypassApexShouldSucceedWithValidRequest" time="60" />
  <testcase classname="TriggerActionFlowBypass_Test" name="bypassFlowShouldSucceedWithValidRequest" time="9" />
  <testcase classname="TriggerActionFlowBypass_Test" name="bypassObjectShouldSucceedWithValidRequest" time="9" />
  <testcase classname="TriggerActionFlowBypass_Test" name="bypassShouldFailWithInvalidType" time="14" />
  <testcase classname="TriggerActionFlowChangeEvent_Test" name="correctInputShouldProduceFlowInputs" time="36" />
  <testcase classname="TriggerActionFlowChangeEvent_Test" name="emptyInputShouldProduceEmptyFlowInputs" time="5" />
  <testcase classname="TriggerActionFlowChangeEvent_Test" name="wrongDataTypeShouldThrowException" time="7" />
  <testcase classname="TriggerActionFlowClearAllBypasses_Test" name="clearAllBypassApexShouldSucceedWithValidRequest" time="36" />
  <testcase classname="TriggerActionFlowClearAllBypasses_Test" name="clearAllBypassFlowShouldSucceedWithValidRequest" time="6" />
  <testcase classname="TriggerActionFlowClearAllBypasses_Test" name="clearAllBypassObjectShouldSucceedWithValidRequest" time="6" />
  <testcase classname="TriggerActionFlowClearAllBypasses_Test" name="clearAllBypassShouldFailWithInvalidType" time="9" />
  <testcase classname="TriggerActionFlowClearBypass_Test" name="clearBypassApexShouldSucceedWithValidRequest" time="109" />
  <testcase classname="TriggerActionFlowClearBypass_Test" name="clearBypassFlowShouldSucceedWithValidRequest" time="11" />
  <testcase classname="TriggerActionFlowClearBypass_Test" name="clearBypassObjecthouldSucceedWithValidRequest" time="13" />
  <testcase classname="TriggerActionFlowClearBypass_Test" name="clearBypassShouldFailWithInvalidType" time="17" />
  <testcase classname="TriggerActionFlowIsBypassed_Test" name="isBypassedApexShouldSucceedWithValidRequest" time="80" />
  <testcase classname="TriggerActionFlowIsBypassed_Test" name="isBypassedFlowShouldSucceedWithValidRequest" time="11" />
  <testcase classname="TriggerActionFlowIsBypassed_Test" name="isBypassedObjectShouldSucceedWithValidRequest" time="11" />
  <testcase classname="TriggerActionFlowIsBypassed_Test" name="isBypassedShouldFailWithInvalidType" time="16" />
  <testcase classname="TriggerActionFlow_Test" name="afterDeleteShouldSucceed" time="43" />
  <testcase classname="TriggerActionFlow_Test" name="afterInsertShouldSucceed" time="11" />
  <testcase classname="TriggerActionFlow_Test" name="afterUndeleteShouldSucceed" time="11" />
  <testcase classname="TriggerActionFlow_Test" name="afterUpdateShouldSucceed" time="13" />
  <testcase classname="TriggerActionFlow_Test" name="afterUpdateWithNoRecordsToProcessShouldSucceed" time="9" />
  <testcase classname="TriggerActionFlow_Test" name="beforeDeleteShouldSucceed" time="12" />
  <testcase classname="TriggerActionFlow_Test" name="beforeInsertShouldSucceed" time="13" />
  <testcase classname="TriggerActionFlow_Test" name="beforeUpdateShouldSucceed" time="17" />
  <testcase classname="TriggerActionFlow_Test" name="beforeUpdateWithNoRecordsToProcessShouldSucceed" time="12" />
  <testcase classname="TriggerActionFlow_Test" name="bypassShouldSucceed" time="8" />
  <testcase classname="TriggerActionFlow_Test" name="clearAllBypassesShouldSucceed" time="8" />
  <testcase classname="TriggerActionFlow_Test" name="clearBypassShouldSucceed" time="9" />
  <testcase classname="TriggerActionFlow_Test" name="emptyFlowNameShouldThrowException" time="11" />
  <testcase classname="TriggerActionFlow_Test" name="flowMissingRecordVariableInOutputShouldThrowException" time="12" />
  <testcase classname="TriggerActionFlow_Test" name="invokeFlowShouldReturnUnsuccessfulResponseWithBogusFlowName" time="89" />
  <testcase classname="TriggerActionFlow_Test" name="isBypassedShouldSucceed" time="8" />
  <testcase classname="TriggerActionFlow_Test" name="noRecordMutationsShouldSucceed" time="11" />
  <testcase classname="TriggerActionFlow_Test" name="nulledFieldInFlowShouldBeTransferredBack" time="12" />
  <testcase classname="TriggerActionFlow_Test" name="shouldDoNothingWhenBypassed" time="11" />
  <testcase classname="TriggerActionFlow_Test" name="unsuccessfulActionResultShouldBeAddedAsErrorToRecord" time="15" />
  <testcase classname="TriggerActionFlow_Test" name="validateTypeShouldThrowExceptionWithInvalidInput" time="10" />
  <testcase classname="TriggerBase_Test" name="afterDeleteShouldSucceed" time="54" />
  <testcase classname="TriggerBase_Test" name="afterInsertShouldSucceed" time="6" />
  <testcase classname="TriggerBase_Test" name="afterUndeleteShouldSucceed" time="7" />
  <testcase classname="TriggerBase_Test" name="afterUpdateShouldSucceed" time="11" />
  <testcase classname="TriggerBase_Test" name="beforeDeleteShouldSucceed" time="8" />
  <testcase classname="TriggerBase_Test" name="beforeInsertShouldSucceed" time="6" />
  <testcase classname="TriggerBase_Test" name="beforeUpdateShouldSucceed" time="8" />
  <testcase classname="TriggerBase_Test" name="bypassShouldSucceed" time="4" />
  <testcase classname="TriggerBase_Test" name="clearAllBypassesShouldSucceed" time="5" />
  <testcase classname="TriggerBase_Test" name="clearBypassShouldSucceed" time="5" />
  <testcase classname="TriggerBase_Test" name="finalizingWithoutWaitingShouldThrowError" time="5" />
  <testcase classname="TriggerBase_Test" name="idToNumberOfTimesSeenAfterUpdate" time="10" />
  <testcase classname="TriggerBase_Test" name="idToNumberOfTimesSeenBeforeUpdate" time="10" />
  <testcase classname="TriggerBase_Test" name="inverseContextsShouldFinalizeDmlOperationDelete" time="8" />
  <testcase classname="TriggerBase_Test" name="inverseContextsShouldFinalizeDmlOperationInsert" time="8" />
  <testcase classname="TriggerBase_Test" name="inverseContextsShouldFinalizeDmlOperationUndelete" time="7" />
  <testcase classname="TriggerBase_Test" name="inverseContextsShouldFinalizeDmlOperationUpdate" time="10" />
  <testcase classname="TriggerBase_Test" name="isBypassedShouldSucceed" time="4" />
  <testcase classname="TriggerBase_Test" name="offsetRowsShouldWork" time="4" />
  <testcase classname="TriggerBase_Test" name="oldAndNewShouldComeFromTrigger" time="5" />
  <testcase classname="TriggerBase_Test" name="peekShouldShowMostRecentlyAdded" time="4" />
  <testcase classname="TriggerBase_Test" name="peekingStackWhileEmptyShouldThrowException" time="6" />
  <testcase classname="TriggerBase_Test" name="poppingStackWhileEmptyShouldThrowException" time="5" />
  <testcase classname="TriggerBase_Test" name="runShouldDoNothingWhenBypassed" time="6" />
  <testcase classname="TriggerBase_Test" name="runShouldFailWhenCalledOutsideTrigger" time="6" />
  <testcase classname="TriggerBase_Test" name="sObjectNameShouldBePopulatedFromTriggerNew" time="4" />
  <testcase classname="TriggerBase_Test" name="sObjectNameShouldBePopulatedFromTriggerOld" time="6" />
  <testcase classname="TriggerBase_Test" name="stackDepthShouldBeCalculatedProperly" time="5" />
  <testcase classname="TriggerBase_Test" name="stackShouldBeFirstInLastOut" time="5" />
  <testcase classname="TriggerBase_Test" name="stackShouldBeLastInFirstOut" time="5" />
  <testcase classname="TriggerBase_Test" name="stacksShouldBeAbleToDetermineIftheyAreEmpty" time="5" />
  <testcase classname="TriggerBase_Test" name="waitingThenFinalizingShouldWork" time="6" />
  <testcase classname="TriggerRecord_Test" name="shouldBeAbleToConstructATriggerRecord" time="17" />
  <testcase classname="Triggers_Test" name="testContentDocumentLinkTrigger" time="11946" />
  <testcase classname="Triggers_Test" name="testContractAndFormTrigger" time="771" />
  <testcase classname="Triggers_Test" name="testTransactionTrigger" time="450" />
  <testcase classname="Triggers_Test" name="testTransactionTriggerRecord" time="26" />
  <testcase classname="Util_Test" name="testGetNamespace" time="20" />
  <testcase classname="Util_Test" name="testIsOrgEmailEnabled" time="15" />
  <testcase classname="Util_Test" name="testPrefixNamespace" time="6" />
</testsuite>